CRITICAL - 2023-11-14 07:26:03 --> syntax error, unexpected 'table' (T_STRING), expecting ';' or ','
in APPPATH/Views/affichage_accueil.php on line 6.
 1 SYSTEMPATH/View/View.php(231): CodeIgniter\View\View->CodeIgniter\View\{closure}()
 2 SYSTEMPATH/Common.php(1190): CodeIgniter\View\View->render()
 3 APPPATH/Controllers/Accueil.php(16): view()
 4 SYSTEMPATH/CodeIgniter.php(942): App\Controllers\Accueil->afficher()
 5 SYSTEMPATH/CodeIgniter.php(502): CodeIgniter\CodeIgniter->runController()
 6 SYSTEMPATH/CodeIgniter.php(361): CodeIgniter\CodeIgniter->handleRequest()
 7 FCPATH/index.php(79): CodeIgniter\CodeIgniter->run()
CRITICAL - 2023-11-14 07:26:03 --> Uncaught ErrorException: chmod() has been disabled for security reasons in /home/2023DIINL3/e22103034/public_html/v1/ci/system/Log/Handlers/FileHandler.php:119
Stack trace:
#0 [internal function]: CodeIgniter\Debug\Exceptions->errorHandler()
#1 /home/2023DIINL3/e22103034/public_html/v1/ci/system/Log/Handlers/FileHandler.php(119): chmod()
#2 /home/2023DIINL3/e22103034/public_html/v1/ci/system/Log/Logger.php(294): CodeIgniter\Log\Handlers\FileHandler->handle()
#3 /home/2023DIINL3/e22103034/public_html/v1/ci/system/Common.php(810): CodeIgniter\Log\Logger->log()
#4 /home/2023DIINL3/e22103034/public_html/v1/ci/system/Debug/Exceptions.php(133): log_message()
#5 [internal function]: CodeIgniter\Debug\Exceptions->exceptionHandler()
#6 {main}
  thrown
ã€Previous Exceptionã€‘
ParseError
syntax error, unexpected 'table' (T_STRING), expecting ';' or ','
#0 /home/2023DIINL3/e22103034/public_html/v1/ci/system/View/View.php(231): CodeIgniter\View\View->CodeIgniter\View\{closure}()
#1 /home/2023DIINL3/e22103034/public_html/v1/ci/system/Common.php(1190): CodeIgniter\View\View->render()
#2 /home/2023DIINL3/e22103034/public_html/v1/ci/app/Controllers/Accueil.php(16): view()
#3 /home/2023DIINL3/e22103034/public_html/v1/ci/system/CodeIgniter.php(942): App\Controllers\Accueil->afficher()
#4 /home/2023DIINL3/e22103034/public_html/v1/ci/system/CodeIgniter.php(502): CodeIgniter\CodeIgniter->runController()
#5 /home/2023DIINL3/e22103034/public_html/v1/ci/system/CodeIgniter.php(361): CodeIgniter\CodeIgniter->handleRequest()
#6 /home/2023DIINL3/e22103034/public_html/v1/ci/public/index.php(79): CodeIgniter\CodeIgniter->run()
#7 {main}
in SYSTEMPATH/Log/Handlers/FileHandler.php on line 119.
 1 [internal function]: CodeIgniter\Debug\Exceptions->shutdownHandler()
CRITICAL - 2023-11-14 07:26:07 --> syntax error, unexpected 'table' (T_STRING), expecting ';' or ','
in APPPATH/Views/affichage_accueil.php on line 6.
 1 SYSTEMPATH/View/View.php(231): CodeIgniter\View\View->CodeIgniter\View\{closure}()
 2 SYSTEMPATH/Common.php(1190): CodeIgniter\View\View->render()
 3 APPPATH/Controllers/Accueil.php(16): view()
 4 SYSTEMPATH/CodeIgniter.php(942): App\Controllers\Accueil->afficher()
 5 SYSTEMPATH/CodeIgniter.php(502): CodeIgniter\CodeIgniter->runController()
 6 SYSTEMPATH/CodeIgniter.php(361): CodeIgniter\CodeIgniter->handleRequest()
 7 FCPATH/index.php(79): CodeIgniter\CodeIgniter->run()
CRITICAL - 2023-11-14 08:38:15 --> Invalid file: "compte/compte_creer.php"
in SYSTEMPATH/Exceptions/FrameworkException.php on line 39.
 1 SYSTEMPATH/View/View.php(216): CodeIgniter\Exceptions\FrameworkException::forInvalidFile()
 2 SYSTEMPATH/Common.php(1190): CodeIgniter\View\View->render()
 3 APPPATH/Controllers/Compte.php(32): view()
 4 SYSTEMPATH/CodeIgniter.php(942): App\Controllers\Compte->creer()
 5 SYSTEMPATH/CodeIgniter.php(502): CodeIgniter\CodeIgniter->runController()
 6 SYSTEMPATH/CodeIgniter.php(361): CodeIgniter\CodeIgniter->handleRequest()
 7 FCPATH/index.php(79): CodeIgniter\CodeIgniter->run()
CRITICAL - 2023-11-14 08:40:32 --> You must set the database table to be used with your query.
in SYSTEMPATH/Database/BaseConnection.php on line 884.
 1 SYSTEMPATH/Model.php(635): CodeIgniter\Database\BaseConnection->table()
 2 SYSTEMPATH/Model.php(863): CodeIgniter\Model->builder()
 3 APPPATH/Controllers/Compte.php(41): CodeIgniter\Model->__call()
 4 SYSTEMPATH/CodeIgniter.php(942): App\Controllers\Compte->creer()
 5 SYSTEMPATH/CodeIgniter.php(502): CodeIgniter\CodeIgniter->runController()
 6 SYSTEMPATH/CodeIgniter.php(361): CodeIgniter\CodeIgniter->handleRequest()
 7 FCPATH/index.php(79): CodeIgniter\CodeIgniter->run()
ERROR - 2023-11-14 08:42:47 --> mysqli_sql_exception: Duplicate entry 'eeeeeee' for key 'cpt_pseudo_UNIQUE' in /home/2023DIINL3/e22103034/public_html/v1/ci/system/Database/MySQLi/Connection.php:306
Stack trace:
#0 /home/2023DIINL3/e22103034/public_html/v1/ci/system/Database/MySQLi/Connection.php(306): mysqli->query()
#1 /home/2023DIINL3/e22103034/public_html/v1/ci/system/Database/BaseConnection.php(693): CodeIgniter\Database\MySQLi\Connection->execute()
#2 /home/2023DIINL3/e22103034/public_html/v1/ci/system/Database/BaseConnection.php(607): CodeIgniter\Database\BaseConnection->simpleQuery()
#3 /home/2023DIINL3/e22103034/public_html/v1/ci/app/Models/Db_model.php(51): CodeIgniter\Database\BaseConnection->query()
#4 /home/2023DIINL3/e22103034/public_html/v1/ci/app/Controllers/Compte.php(37): App\Models\Db_model->set_compte()
#5 /home/2023DIINL3/e22103034/public_html/v1/ci/system/CodeIgniter.php(942): App\Controllers\Compte->creer()
#6 /home/2023DIINL3/e22103034/public_html/v1/ci/system/CodeIgniter.php(502): CodeIgniter\CodeIgniter->runController()
#7 /home/2023DIINL3/e22103034/public_html/v1/ci/system/CodeIgniter.php(361): CodeIgniter\CodeIgniter->handleRequest()
#8 /home/2023DIINL3/e22103034/public_html/v1/ci/public/index.php(79): CodeIgniter\CodeIgniter->run()
#9 {main}
CRITICAL - 2023-11-14 08:42:47 --> Duplicate entry 'eeeeeee' for key 'cpt_pseudo_UNIQUE'
in SYSTEMPATH/Database/BaseConnection.php on line 647.
 1 APPPATH/Models/Db_model.php(51): CodeIgniter\Database\BaseConnection->query()
 2 APPPATH/Controllers/Compte.php(37): App\Models\Db_model->set_compte()
 3 SYSTEMPATH/CodeIgniter.php(942): App\Controllers\Compte->creer()
 4 SYSTEMPATH/CodeIgniter.php(502): CodeIgniter\CodeIgniter->runController()
 5 SYSTEMPATH/CodeIgniter.php(361): CodeIgniter\CodeIgniter->handleRequest()
 6 FCPATH/index.php(79): CodeIgniter\CodeIgniter->run()
CRITICAL - 2023-11-14 08:43:13 --> You must set the database table to be used with your query.
in SYSTEMPATH/Database/BaseConnection.php on line 884.
 1 SYSTEMPATH/Model.php(635): CodeIgniter\Database\BaseConnection->table()
 2 SYSTEMPATH/Model.php(863): CodeIgniter\Model->builder()
 3 APPPATH/Controllers/Compte.php(41): CodeIgniter\Model->__call()
 4 SYSTEMPATH/CodeIgniter.php(942): App\Controllers\Compte->creer()
 5 SYSTEMPATH/CodeIgniter.php(502): CodeIgniter\CodeIgniter->runController()
 6 SYSTEMPATH/CodeIgniter.php(361): CodeIgniter\CodeIgniter->handleRequest()
 7 FCPATH/index.php(79): CodeIgniter\CodeIgniter->run()
CRITICAL - 2023-11-14 08:44:40 --> Invalid file: "compte/compte_succes.php"
in SYSTEMPATH/Exceptions/FrameworkException.php on line 39.
 1 SYSTEMPATH/View/View.php(216): CodeIgniter\Exceptions\FrameworkException::forInvalidFile()
 2 SYSTEMPATH/Common.php(1190): CodeIgniter\View\View->render()
 3 APPPATH/Controllers/Compte.php(44): view()
 4 SYSTEMPATH/CodeIgniter.php(942): App\Controllers\Compte->creer()
 5 SYSTEMPATH/CodeIgniter.php(502): CodeIgniter\CodeIgniter->runController()
 6 SYSTEMPATH/CodeIgniter.php(361): CodeIgniter\CodeIgniter->handleRequest()
 7 FCPATH/index.php(79): CodeIgniter\CodeIgniter->run()
CRITICAL - 2023-11-14 08:45:18 --> Invalid file: "compte/compte_succes.php"
in SYSTEMPATH/Exceptions/FrameworkException.php on line 39.
 1 SYSTEMPATH/View/View.php(216): CodeIgniter\Exceptions\FrameworkException::forInvalidFile()
 2 SYSTEMPATH/Common.php(1190): CodeIgniter\View\View->render()
 3 APPPATH/Controllers/Compte.php(44): view()
 4 SYSTEMPATH/CodeIgniter.php(942): App\Controllers\Compte->creer()
 5 SYSTEMPATH/CodeIgniter.php(502): CodeIgniter\CodeIgniter->runController()
 6 SYSTEMPATH/CodeIgniter.php(361): CodeIgniter\CodeIgniter->handleRequest()
 7 FCPATH/index.php(79): CodeIgniter\CodeIgniter->run()
ERROR - 2023-11-14 08:48:41 --> mysqli_sql_exception: You have an error in your SQL syntax; check the manual that corresponds to your MariaDB server version for the right syntax to use near ''A','D')' at line 1 in /home/2023DIINL3/e22103034/public_html/v1/ci/system/Database/MySQLi/Connection.php:306
Stack trace:
#0 /home/2023DIINL3/e22103034/public_html/v1/ci/system/Database/MySQLi/Connection.php(306): mysqli->query()
#1 /home/2023DIINL3/e22103034/public_html/v1/ci/system/Database/BaseConnection.php(693): CodeIgniter\Database\MySQLi\Connection->execute()
#2 /home/2023DIINL3/e22103034/public_html/v1/ci/system/Database/BaseConnection.php(607): CodeIgniter\Database\BaseConnection->simpleQuery()
#3 /home/2023DIINL3/e22103034/public_html/v1/ci/app/Models/Db_model.php(51): CodeIgniter\Database\BaseConnection->query()
#4 /home/2023DIINL3/e22103034/public_html/v1/ci/app/Controllers/Compte.php(37): App\Models\Db_model->set_compte()
#5 /home/2023DIINL3/e22103034/public_html/v1/ci/system/CodeIgniter.php(942): App\Controllers\Compte->creer()
#6 /home/2023DIINL3/e22103034/public_html/v1/ci/system/CodeIgniter.php(502): CodeIgniter\CodeIgniter->runController()
#7 /home/2023DIINL3/e22103034/public_html/v1/ci/system/CodeIgniter.php(361): CodeIgniter\CodeIgniter->handleRequest()
#8 /home/2023DIINL3/e22103034/public_html/v1/ci/public/index.php(79): CodeIgniter\CodeIgniter->run()
#9 {main}
CRITICAL - 2023-11-14 08:48:41 --> You have an error in your SQL syntax; check the manual that corresponds to your MariaDB server version for the right syntax to use near ''A','D')' at line 1
in SYSTEMPATH/Database/BaseConnection.php on line 647.
 1 APPPATH/Models/Db_model.php(51): CodeIgniter\Database\BaseConnection->query()
 2 APPPATH/Controllers/Compte.php(37): App\Models\Db_model->set_compte()
 3 SYSTEMPATH/CodeIgniter.php(942): App\Controllers\Compte->creer()
 4 SYSTEMPATH/CodeIgniter.php(502): CodeIgniter\CodeIgniter->runController()
 5 SYSTEMPATH/CodeIgniter.php(361): CodeIgniter\CodeIgniter->handleRequest()
 6 FCPATH/index.php(79): CodeIgniter\CodeIgniter->run()
ERROR - 2023-11-14 08:56:22 --> mysqli_sql_exception: Duplicate entry 'eeee' for key 'cpt_pseudo_UNIQUE' in /home/2023DIINL3/e22103034/public_html/v1/ci/system/Database/MySQLi/Connection.php:306
Stack trace:
#0 /home/2023DIINL3/e22103034/public_html/v1/ci/system/Database/MySQLi/Connection.php(306): mysqli->query()
#1 /home/2023DIINL3/e22103034/public_html/v1/ci/system/Database/BaseConnection.php(693): CodeIgniter\Database\MySQLi\Connection->execute()
#2 /home/2023DIINL3/e22103034/public_html/v1/ci/system/Database/BaseConnection.php(607): CodeIgniter\Database\BaseConnection->simpleQuery()
#3 /home/2023DIINL3/e22103034/public_html/v1/ci/app/Models/Db_model.php(51): CodeIgniter\Database\BaseConnection->query()
#4 /home/2023DIINL3/e22103034/public_html/v1/ci/app/Controllers/Compte.php(37): App\Models\Db_model->set_compte()
#5 /home/2023DIINL3/e22103034/public_html/v1/ci/system/CodeIgniter.php(942): App\Controllers\Compte->creer()
#6 /home/2023DIINL3/e22103034/public_html/v1/ci/system/CodeIgniter.php(502): CodeIgniter\CodeIgniter->runController()
#7 /home/2023DIINL3/e22103034/public_html/v1/ci/system/CodeIgniter.php(361): CodeIgniter\CodeIgniter->handleRequest()
#8 /home/2023DIINL3/e22103034/public_html/v1/ci/public/index.php(79): CodeIgniter\CodeIgniter->run()
#9 {main}
CRITICAL - 2023-11-14 08:56:22 --> Duplicate entry 'eeee' for key 'cpt_pseudo_UNIQUE'
in SYSTEMPATH/Database/BaseConnection.php on line 647.
 1 APPPATH/Models/Db_model.php(51): CodeIgniter\Database\BaseConnection->query()
 2 APPPATH/Controllers/Compte.php(37): App\Models\Db_model->set_compte()
 3 SYSTEMPATH/CodeIgniter.php(942): App\Controllers\Compte->creer()
 4 SYSTEMPATH/CodeIgniter.php(502): CodeIgniter\CodeIgniter->runController()
 5 SYSTEMPATH/CodeIgniter.php(361): CodeIgniter\CodeIgniter->handleRequest()
 6 FCPATH/index.php(79): CodeIgniter\CodeIgniter->run()
