ERROR - 2023-11-09 10:23:01 --> Error connecting to the database: mysqli_sql_exception: Access denied for user 'e22103034'@'localhost' (using password: YES) in /home/2023DIINL3/e22103034/public_html/v1/ci/system/Database/MySQLi/Connection.php:185
Stack trace:
#0 /home/2023DIINL3/e22103034/public_html/v1/ci/system/Database/MySQLi/Connection.php(185): mysqli->real_connect()
#1 /home/2023DIINL3/e22103034/public_html/v1/ci/system/Database/BaseConnection.php(392): CodeIgniter\Database\MySQLi\Connection->connect()
#2 /home/2023DIINL3/e22103034/public_html/v1/ci/system/Database/BaseConnection.php(575): CodeIgniter\Database\BaseConnection->initialize()
#3 /home/2023DIINL3/e22103034/public_html/v1/ci/app/Models/Db_model.php(13): CodeIgniter\Database\BaseConnection->query()
#4 /home/2023DIINL3/e22103034/public_html/v1/ci/app/Controllers/Compte.php(14): App\Models\Db_model->get_all_compte()
#5 /home/2023DIINL3/e22103034/public_html/v1/ci/system/CodeIgniter.php(942): App\Controllers\Compte->lister()
#6 /home/2023DIINL3/e22103034/public_html/v1/ci/system/CodeIgniter.php(502): CodeIgniter\CodeIgniter->runController()
#7 /home/2023DIINL3/e22103034/public_html/v1/ci/system/CodeIgniter.php(361): CodeIgniter\CodeIgniter->handleRequest()
#8 /home/2023DIINL3/e22103034/public_html/v1/ci/public/index.php(79): CodeIgniter\CodeIgniter->run()
#9 {main}

Next CodeIgniter\Database\Exceptions\DatabaseException: Access denied for user '****'@'localhost' (using password: YES) in /home/2023DIINL3/e22103034/public_html/v1/ci/system/Database/MySQLi/Connection.php:229
Stack trace:
#0 /home/2023DIINL3/e22103034/public_html/v1/ci/system/Database/BaseConnection.php(392): CodeIgniter\Database\MySQLi\Connection->connect()
#1 /home/2023DIINL3/e22103034/public_html/v1/ci/system/Database/BaseConnection.php(575): CodeIgniter\Database\BaseConnection->initialize()
#2 /home/2023DIINL3/e22103034/public_html/v1/ci/app/Models/Db_model.php(13): CodeIgniter\Database\BaseConnection->query()
#3 /home/2023DIINL3/e22103034/public_html/v1/ci/app/Controllers/Compte.php(14): App\Models\Db_model->get_all_compte()
#4 /home/2023DIINL3/e22103034/public_html/v1/ci/system/CodeIgniter.php(942): App\Controllers\Compte->lister()
#5 /home/2023DIINL3/e22103034/public_html/v1/ci/system/CodeIgniter.php(502): CodeIgniter\CodeIgniter->runController()
#6 /home/2023DIINL3/e22103034/public_html/v1/ci/system/CodeIgniter.php(361): CodeIgniter\CodeIgniter->handleRequest()
#7 /home/2023DIINL3/e22103034/public_html/v1/ci/public/index.php(79): CodeIgniter\CodeIgniter->run()
#8 {main}
CRITICAL - 2023-11-09 10:23:01 --> chmod() has been disabled for security reasons
in SYSTEMPATH/Log/Handlers/FileHandler.php on line 119.
 1 [internal function]: CodeIgniter\Debug\Exceptions->errorHandler()
 2 SYSTEMPATH/Log/Handlers/FileHandler.php(119): chmod()
 3 SYSTEMPATH/Log/Logger.php(294): CodeIgniter\Log\Handlers\FileHandler->handle()
 4 SYSTEMPATH/Common.php(810): CodeIgniter\Log\Logger->log()
 5 SYSTEMPATH/Database/BaseConnection.php(395): log_message()
 6 SYSTEMPATH/Database/BaseConnection.php(575): CodeIgniter\Database\BaseConnection->initialize()
 7 APPPATH/Models/Db_model.php(13): CodeIgniter\Database\BaseConnection->query()
 8 APPPATH/Controllers/Compte.php(14): App\Models\Db_model->get_all_compte()
 9 SYSTEMPATH/CodeIgniter.php(942): App\Controllers\Compte->lister()
10 SYSTEMPATH/CodeIgniter.php(502): CodeIgniter\CodeIgniter->runController()
11 SYSTEMPATH/CodeIgniter.php(361): CodeIgniter\CodeIgniter->handleRequest()
12 FCPATH/index.php(79): CodeIgniter\CodeIgniter->run()
ERROR - 2023-11-09 10:25:48 --> Error connecting to the database: mysqli_sql_exception: Access denied for user 'e22103034'@'localhost' (using password: YES) in /home/2023DIINL3/e22103034/public_html/v1/ci/system/Database/MySQLi/Connection.php:185
Stack trace:
#0 /home/2023DIINL3/e22103034/public_html/v1/ci/system/Database/MySQLi/Connection.php(185): mysqli->real_connect()
#1 /home/2023DIINL3/e22103034/public_html/v1/ci/system/Database/BaseConnection.php(392): CodeIgniter\Database\MySQLi\Connection->connect()
#2 /home/2023DIINL3/e22103034/public_html/v1/ci/system/Database/BaseConnection.php(575): CodeIgniter\Database\BaseConnection->initialize()
#3 /home/2023DIINL3/e22103034/public_html/v1/ci/app/Models/Db_model.php(13): CodeIgniter\Database\BaseConnection->query()
#4 /home/2023DIINL3/e22103034/public_html/v1/ci/app/Controllers/Compte.php(14): App\Models\Db_model->get_all_compte()
#5 /home/2023DIINL3/e22103034/public_html/v1/ci/system/CodeIgniter.php(942): App\Controllers\Compte->lister()
#6 /home/2023DIINL3/e22103034/public_html/v1/ci/system/CodeIgniter.php(502): CodeIgniter\CodeIgniter->runController()
#7 /home/2023DIINL3/e22103034/public_html/v1/ci/system/CodeIgniter.php(361): CodeIgniter\CodeIgniter->handleRequest()
#8 /home/2023DIINL3/e22103034/public_html/v1/ci/public/index.php(79): CodeIgniter\CodeIgniter->run()
#9 {main}

Next CodeIgniter\Database\Exceptions\DatabaseException: Access denied for user '****'@'localhost' (using password: YES) in /home/2023DIINL3/e22103034/public_html/v1/ci/system/Database/MySQLi/Connection.php:229
Stack trace:
#0 /home/2023DIINL3/e22103034/public_html/v1/ci/system/Database/BaseConnection.php(392): CodeIgniter\Database\MySQLi\Connection->connect()
#1 /home/2023DIINL3/e22103034/public_html/v1/ci/system/Database/BaseConnection.php(575): CodeIgniter\Database\BaseConnection->initialize()
#2 /home/2023DIINL3/e22103034/public_html/v1/ci/app/Models/Db_model.php(13): CodeIgniter\Database\BaseConnection->query()
#3 /home/2023DIINL3/e22103034/public_html/v1/ci/app/Controllers/Compte.php(14): App\Models\Db_model->get_all_compte()
#4 /home/2023DIINL3/e22103034/public_html/v1/ci/system/CodeIgniter.php(942): App\Controllers\Compte->lister()
#5 /home/2023DIINL3/e22103034/public_html/v1/ci/system/CodeIgniter.php(502): CodeIgniter\CodeIgniter->runController()
#6 /home/2023DIINL3/e22103034/public_html/v1/ci/system/CodeIgniter.php(361): CodeIgniter\CodeIgniter->handleRequest()
#7 /home/2023DIINL3/e22103034/public_html/v1/ci/public/index.php(79): CodeIgniter\CodeIgniter->run()
#8 {main}
CRITICAL - 2023-11-09 10:25:48 --> Unable to connect to the database.
Main connection [MySQLi]: Access denied for user '****'@'localhost' (using password: YES)
in SYSTEMPATH/Database/BaseConnection.php on line 428.
 1 SYSTEMPATH/Database/BaseConnection.php(575): CodeIgniter\Database\BaseConnection->initialize()
 2 APPPATH/Models/Db_model.php(13): CodeIgniter\Database\BaseConnection->query()
 3 APPPATH/Controllers/Compte.php(14): App\Models\Db_model->get_all_compte()
 4 SYSTEMPATH/CodeIgniter.php(942): App\Controllers\Compte->lister()
 5 SYSTEMPATH/CodeIgniter.php(502): CodeIgniter\CodeIgniter->runController()
 6 SYSTEMPATH/CodeIgniter.php(361): CodeIgniter\CodeIgniter->handleRequest()
 7 FCPATH/index.php(79): CodeIgniter\CodeIgniter->run()
ERROR - 2023-11-09 10:28:08 --> mysqli_sql_exception: Unknown column 'cpt_login' in 'field list' in /home/2023DIINL3/e22103034/public_html/v1/ci/system/Database/MySQLi/Connection.php:306
Stack trace:
#0 /home/2023DIINL3/e22103034/public_html/v1/ci/system/Database/MySQLi/Connection.php(306): mysqli->query()
#1 /home/2023DIINL3/e22103034/public_html/v1/ci/system/Database/BaseConnection.php(693): CodeIgniter\Database\MySQLi\Connection->execute()
#2 /home/2023DIINL3/e22103034/public_html/v1/ci/system/Database/BaseConnection.php(607): CodeIgniter\Database\BaseConnection->simpleQuery()
#3 /home/2023DIINL3/e22103034/public_html/v1/ci/app/Models/Db_model.php(13): CodeIgniter\Database\BaseConnection->query()
#4 /home/2023DIINL3/e22103034/public_html/v1/ci/app/Controllers/Compte.php(14): App\Models\Db_model->get_all_compte()
#5 /home/2023DIINL3/e22103034/public_html/v1/ci/system/CodeIgniter.php(942): App\Controllers\Compte->lister()
#6 /home/2023DIINL3/e22103034/public_html/v1/ci/system/CodeIgniter.php(502): CodeIgniter\CodeIgniter->runController()
#7 /home/2023DIINL3/e22103034/public_html/v1/ci/system/CodeIgniter.php(361): CodeIgniter\CodeIgniter->handleRequest()
#8 /home/2023DIINL3/e22103034/public_html/v1/ci/public/index.php(79): CodeIgniter\CodeIgniter->run()
#9 {main}
CRITICAL - 2023-11-09 10:28:08 --> Unknown column 'cpt_login' in 'field list'
in SYSTEMPATH/Database/BaseConnection.php on line 647.
 1 APPPATH/Models/Db_model.php(13): CodeIgniter\Database\BaseConnection->query()
 2 APPPATH/Controllers/Compte.php(14): App\Models\Db_model->get_all_compte()
 3 SYSTEMPATH/CodeIgniter.php(942): App\Controllers\Compte->lister()
 4 SYSTEMPATH/CodeIgniter.php(502): CodeIgniter\CodeIgniter->runController()
 5 SYSTEMPATH/CodeIgniter.php(361): CodeIgniter\CodeIgniter->handleRequest()
 6 FCPATH/index.php(79): CodeIgniter\CodeIgniter->run()
CRITICAL - 2023-11-09 10:29:13 --> Undefined index: cpt_login
in APPPATH/Views/affichage_comptes.php on line 10.
 1 APPPATH/Views/affichage_comptes.php(10): CodeIgniter\Debug\Exceptions->errorHandler()
 2 SYSTEMPATH/View/View.php(228): include('/home/2023DIINL3/e22103034/public_html/v1/ci/app/Views/affichage_comptes.php')
 3 SYSTEMPATH/View/View.php(231): CodeIgniter\View\View->CodeIgniter\View\{closure}()
 4 SYSTEMPATH/Common.php(1190): CodeIgniter\View\View->render()
 5 APPPATH/Controllers/Compte.php(16): view()
 6 SYSTEMPATH/CodeIgniter.php(942): App\Controllers\Compte->lister()
 7 SYSTEMPATH/CodeIgniter.php(502): CodeIgniter\CodeIgniter->runController()
 8 SYSTEMPATH/CodeIgniter.php(361): CodeIgniter\CodeIgniter->handleRequest()
 9 FCPATH/index.php(79): CodeIgniter\CodeIgniter->run()
CRITICAL - 2023-11-09 10:58:31 --> syntax error, unexpected 'get_nb_compte' (T_STRING), expecting variable (T_VARIABLE)
in APPPATH/Models/Db_model.php on line 21.
 1 SYSTEMPATH/Autoloader/Autoloader.php(291): CodeIgniter\Autoloader\Autoloader->includeFile()
 2 SYSTEMPATH/Autoloader/Autoloader.php(269): CodeIgniter\Autoloader\Autoloader->loadInNamespace()
 3 [internal function]: CodeIgniter\Autoloader\Autoloader->loadClass()
 4 [internal function]: spl_autoload_call()
 5 SYSTEMPATH/Config/Factories.php(283): class_exists()
 6 SYSTEMPATH/Config/Factories.php(202): CodeIgniter\Config\Factories::locateClass()
 7 SYSTEMPATH/Config/Factories.php(161): CodeIgniter\Config\Factories::getDefinedInstance()
 8 SYSTEMPATH/Common.php(827): CodeIgniter\Config\Factories::__callStatic()
 9 APPPATH/Controllers/Actualite.php(11): model()
10 SYSTEMPATH/CodeIgniter.php(942): App\Controllers\Actualite->afficher()
11 SYSTEMPATH/CodeIgniter.php(502): CodeIgniter\CodeIgniter->runController()
12 SYSTEMPATH/CodeIgniter.php(361): CodeIgniter\CodeIgniter->handleRequest()
13 FCPATH/index.php(79): CodeIgniter\CodeIgniter->run()
CRITICAL - 2023-11-09 10:58:42 --> syntax error, unexpected 'get_nb_compte' (T_STRING), expecting variable (T_VARIABLE)
in APPPATH/Models/Db_model.php on line 21.
 1 SYSTEMPATH/Autoloader/Autoloader.php(291): CodeIgniter\Autoloader\Autoloader->includeFile()
 2 SYSTEMPATH/Autoloader/Autoloader.php(269): CodeIgniter\Autoloader\Autoloader->loadInNamespace()
 3 [internal function]: CodeIgniter\Autoloader\Autoloader->loadClass()
 4 [internal function]: spl_autoload_call()
 5 SYSTEMPATH/Config/Factories.php(283): class_exists()
 6 SYSTEMPATH/Config/Factories.php(202): CodeIgniter\Config\Factories::locateClass()
 7 SYSTEMPATH/Config/Factories.php(161): CodeIgniter\Config\Factories::getDefinedInstance()
 8 SYSTEMPATH/Common.php(827): CodeIgniter\Config\Factories::__callStatic()
 9 APPPATH/Controllers/Compte.php(12): model()
10 SYSTEMPATH/CodeIgniter.php(942): App\Controllers\Compte->lister()
11 SYSTEMPATH/CodeIgniter.php(502): CodeIgniter\CodeIgniter->runController()
12 SYSTEMPATH/CodeIgniter.php(361): CodeIgniter\CodeIgniter->handleRequest()
13 FCPATH/index.php(79): CodeIgniter\CodeIgniter->run()
CRITICAL - 2023-11-09 10:59:30 --> Cannot use object of type stdClass as array
in APPPATH/Views/affichage_comptes.php on line 6.
 1 SYSTEMPATH/View/View.php(228): include()
 2 SYSTEMPATH/View/View.php(231): CodeIgniter\View\View->CodeIgniter\View\{closure}()
 3 SYSTEMPATH/Common.php(1190): CodeIgniter\View\View->render()
 4 APPPATH/Controllers/Compte.php(17): view()
 5 SYSTEMPATH/CodeIgniter.php(942): App\Controllers\Compte->lister()
 6 SYSTEMPATH/CodeIgniter.php(502): CodeIgniter\CodeIgniter->runController()
 7 SYSTEMPATH/CodeIgniter.php(361): CodeIgniter\CodeIgniter->handleRequest()
 8 FCPATH/index.php(79): CodeIgniter\CodeIgniter->run()
CRITICAL - 2023-11-09 11:00:08 --> Undefined property: stdClass::$cpt_id
in APPPATH/Views/affichage_comptes.php on line 6.
 1 APPPATH/Views/affichage_comptes.php(6): CodeIgniter\Debug\Exceptions->errorHandler()
 2 SYSTEMPATH/View/View.php(228): include('/home/2023DIINL3/e22103034/public_html/v1/ci/app/Views/affichage_comptes.php')
 3 SYSTEMPATH/View/View.php(231): CodeIgniter\View\View->CodeIgniter\View\{closure}()
 4 SYSTEMPATH/Common.php(1190): CodeIgniter\View\View->render()
 5 APPPATH/Controllers/Compte.php(17): view()
 6 SYSTEMPATH/CodeIgniter.php(942): App\Controllers\Compte->lister()
 7 SYSTEMPATH/CodeIgniter.php(502): CodeIgniter\CodeIgniter->runController()
 8 SYSTEMPATH/CodeIgniter.php(361): CodeIgniter\CodeIgniter->handleRequest()
 9 FCPATH/index.php(79): CodeIgniter\CodeIgniter->run()
CRITICAL - 2023-11-09 11:00:51 --> Call to undefined method stdClass::COUNT()
in APPPATH/Views/affichage_comptes.php on line 6.
 1 SYSTEMPATH/View/View.php(228): include()
 2 SYSTEMPATH/View/View.php(231): CodeIgniter\View\View->CodeIgniter\View\{closure}()
 3 SYSTEMPATH/Common.php(1190): CodeIgniter\View\View->render()
 4 APPPATH/Controllers/Compte.php(17): view()
 5 SYSTEMPATH/CodeIgniter.php(942): App\Controllers\Compte->lister()
 6 SYSTEMPATH/CodeIgniter.php(502): CodeIgniter\CodeIgniter->runController()
 7 SYSTEMPATH/CodeIgniter.php(361): CodeIgniter\CodeIgniter->handleRequest()
 8 FCPATH/index.php(79): CodeIgniter\CodeIgniter->run()
CRITICAL - 2023-11-09 11:01:01 --> Undefined property: stdClass::$cpt_id
in APPPATH/Views/affichage_comptes.php on line 6.
 1 APPPATH/Views/affichage_comptes.php(6): CodeIgniter\Debug\Exceptions->errorHandler()
 2 SYSTEMPATH/View/View.php(228): include('/home/2023DIINL3/e22103034/public_html/v1/ci/app/Views/affichage_comptes.php')
 3 SYSTEMPATH/View/View.php(231): CodeIgniter\View\View->CodeIgniter\View\{closure}()
 4 SYSTEMPATH/Common.php(1190): CodeIgniter\View\View->render()
 5 APPPATH/Controllers/Compte.php(17): view()
 6 SYSTEMPATH/CodeIgniter.php(942): App\Controllers\Compte->lister()
 7 SYSTEMPATH/CodeIgniter.php(502): CodeIgniter\CodeIgniter->runController()
 8 SYSTEMPATH/CodeIgniter.php(361): CodeIgniter\CodeIgniter->handleRequest()
 9 FCPATH/index.php(79): CodeIgniter\CodeIgniter->run()
CRITICAL - 2023-11-09 11:04:17 --> Call to undefined method stdClass::count()
in APPPATH/Views/affichage_comptes.php on line 6.
 1 SYSTEMPATH/View/View.php(228): include()
 2 SYSTEMPATH/View/View.php(231): CodeIgniter\View\View->CodeIgniter\View\{closure}()
 3 SYSTEMPATH/Common.php(1190): CodeIgniter\View\View->render()
 4 APPPATH/Controllers/Compte.php(17): view()
 5 SYSTEMPATH/CodeIgniter.php(942): App\Controllers\Compte->lister()
 6 SYSTEMPATH/CodeIgniter.php(502): CodeIgniter\CodeIgniter->runController()
 7 SYSTEMPATH/CodeIgniter.php(361): CodeIgniter\CodeIgniter->handleRequest()
 8 FCPATH/index.php(79): CodeIgniter\CodeIgniter->run()
CRITICAL - 2023-11-09 11:04:25 --> syntax error, unexpected '"count(cpt_id)"' (T_CONSTANT_ENCAPSED_STRING), expecting identifier (T_STRING) or variable (T_VARIABLE) or '{' or '$'
in APPPATH/Views/affichage_comptes.php on line 6.
 1 SYSTEMPATH/View/View.php(231): CodeIgniter\View\View->CodeIgniter\View\{closure}()
 2 SYSTEMPATH/Common.php(1190): CodeIgniter\View\View->render()
 3 APPPATH/Controllers/Compte.php(17): view()
 4 SYSTEMPATH/CodeIgniter.php(942): App\Controllers\Compte->lister()
 5 SYSTEMPATH/CodeIgniter.php(502): CodeIgniter\CodeIgniter->runController()
 6 SYSTEMPATH/CodeIgniter.php(361): CodeIgniter\CodeIgniter->handleRequest()
 7 FCPATH/index.php(79): CodeIgniter\CodeIgniter->run()
CRITICAL - 2023-11-09 11:04:44 --> syntax error, unexpected ''COUNT(cpt_id)'' (T_CONSTANT_ENCAPSED_STRING), expecting identifier (T_STRING) or variable (T_VARIABLE) or '{' or '$'
in APPPATH/Views/affichage_comptes.php on line 6.
 1 SYSTEMPATH/View/View.php(231): CodeIgniter\View\View->CodeIgniter\View\{closure}()
 2 SYSTEMPATH/Common.php(1190): CodeIgniter\View\View->render()
 3 APPPATH/Controllers/Compte.php(17): view()
 4 SYSTEMPATH/CodeIgniter.php(942): App\Controllers\Compte->lister()
 5 SYSTEMPATH/CodeIgniter.php(502): CodeIgniter\CodeIgniter->runController()
 6 SYSTEMPATH/CodeIgniter.php(361): CodeIgniter\CodeIgniter->handleRequest()
 7 FCPATH/index.php(79): CodeIgniter\CodeIgniter->run()
CRITICAL - 2023-11-09 11:04:52 --> Object of class stdClass could not be converted to string
in APPPATH/Views/affichage_comptes.php on line 6.
 1 SYSTEMPATH/View/View.php(228): include()
 2 SYSTEMPATH/View/View.php(231): CodeIgniter\View\View->CodeIgniter\View\{closure}()
 3 SYSTEMPATH/Common.php(1190): CodeIgniter\View\View->render()
 4 APPPATH/Controllers/Compte.php(17): view()
 5 SYSTEMPATH/CodeIgniter.php(942): App\Controllers\Compte->lister()
 6 SYSTEMPATH/CodeIgniter.php(502): CodeIgniter\CodeIgniter->runController()
 7 SYSTEMPATH/CodeIgniter.php(361): CodeIgniter\CodeIgniter->handleRequest()
 8 FCPATH/index.php(79): CodeIgniter\CodeIgniter->run()
CRITICAL - 2023-11-09 11:05:18 --> syntax error, unexpected ''COUNT(cpt_id)'' (T_CONSTANT_ENCAPSED_STRING), expecting identifier (T_STRING) or variable (T_VARIABLE) or '{' or '$'
in APPPATH/Views/affichage_comptes.php on line 6.
 1 SYSTEMPATH/View/View.php(231): CodeIgniter\View\View->CodeIgniter\View\{closure}()
 2 SYSTEMPATH/Common.php(1190): CodeIgniter\View\View->render()
 3 APPPATH/Controllers/Compte.php(17): view()
 4 SYSTEMPATH/CodeIgniter.php(942): App\Controllers\Compte->lister()
 5 SYSTEMPATH/CodeIgniter.php(502): CodeIgniter\CodeIgniter->runController()
 6 SYSTEMPATH/CodeIgniter.php(361): CodeIgniter\CodeIgniter->handleRequest()
 7 FCPATH/index.php(79): CodeIgniter\CodeIgniter->run()
CRITICAL - 2023-11-09 11:06:22 --> syntax error, unexpected '';' (T_ENCAPSED_AND_WHITESPACE), expecting ';' or ','
in APPPATH/Views/affichage_comptes.php on line 6.
 1 SYSTEMPATH/View/View.php(231): CodeIgniter\View\View->CodeIgniter\View\{closure}()
 2 SYSTEMPATH/Common.php(1190): CodeIgniter\View\View->render()
 3 APPPATH/Controllers/Compte.php(17): view()
 4 SYSTEMPATH/CodeIgniter.php(942): App\Controllers\Compte->lister()
 5 SYSTEMPATH/CodeIgniter.php(502): CodeIgniter\CodeIgniter->runController()
 6 SYSTEMPATH/CodeIgniter.php(361): CodeIgniter\CodeIgniter->handleRequest()
 7 FCPATH/index.php(79): CodeIgniter\CodeIgniter->run()
