CRITICAL - 2023-11-13 07:24:44 --> Undefined variable: code
in APPPATH/Controllers/Scenario.php on line 23.
 1 APPPATH/Controllers/Scenario.php(23): CodeIgniter\Debug\Exceptions->errorHandler()
 2 SYSTEMPATH/CodeIgniter.php(942): App\Controllers\Scenario->jouer()
 3 SYSTEMPATH/CodeIgniter.php(502): CodeIgniter\CodeIgniter->runController()
 4 SYSTEMPATH/CodeIgniter.php(361): CodeIgniter\CodeIgniter->handleRequest()
 5 FCPATH/index.php(79): CodeIgniter\CodeIgniter->run()
CRITICAL - 2023-11-13 07:24:44 --> Uncaught ErrorException: chmod() has been disabled for security reasons in /home/2023DIINL3/e22103034/public_html/v1/ci/system/Log/Handlers/FileHandler.php:119
Stack trace:
#0 [internal function]: CodeIgniter\Debug\Exceptions->errorHandler()
#1 /home/2023DIINL3/e22103034/public_html/v1/ci/system/Log/Handlers/FileHandler.php(119): chmod()
#2 /home/2023DIINL3/e22103034/public_html/v1/ci/system/Log/Logger.php(294): CodeIgniter\Log\Handlers\FileHandler->handle()
#3 /home/2023DIINL3/e22103034/public_html/v1/ci/system/Common.php(810): CodeIgniter\Log\Logger->log()
#4 /home/2023DIINL3/e22103034/public_html/v1/ci/system/Debug/Exceptions.php(133): log_message()
#5 [internal function]: CodeIgniter\Debug\Exceptions->exceptionHandler()
#6 {main}
  thrown
ã€Previous Exceptionã€‘
ErrorException
Undefined variable: code
#0 /home/2023DIINL3/e22103034/public_html/v1/ci/app/Controllers/Scenario.php(23): CodeIgniter\Debug\Exceptions->errorHandler()
#1 /home/2023DIINL3/e22103034/public_html/v1/ci/system/CodeIgniter.php(942): App\Controllers\Scenario->jouer()
#2 /home/2023DIINL3/e22103034/public_html/v1/ci/system/CodeIgniter.php(502): CodeIgniter\CodeIgniter->runController()
#3 /home/2023DIINL3/e22103034/public_html/v1/ci/system/CodeIgniter.php(361): CodeIgniter\CodeIgniter->handleRequest()
#4 /home/2023DIINL3/e22103034/public_html/v1/ci/public/index.php(79): CodeIgniter\CodeIgniter->run()
#5 {main}
in SYSTEMPATH/Log/Handlers/FileHandler.php on line 119.
 1 [internal function]: CodeIgniter\Debug\Exceptions->shutdownHandler()
CRITICAL - 2023-11-13 07:24:49 --> Undefined variable: code
in APPPATH/Controllers/Scenario.php on line 23.
 1 APPPATH/Controllers/Scenario.php(23): CodeIgniter\Debug\Exceptions->errorHandler()
 2 SYSTEMPATH/CodeIgniter.php(942): App\Controllers\Scenario->jouer()
 3 SYSTEMPATH/CodeIgniter.php(502): CodeIgniter\CodeIgniter->runController()
 4 SYSTEMPATH/CodeIgniter.php(361): CodeIgniter\CodeIgniter->handleRequest()
 5 FCPATH/index.php(79): CodeIgniter\CodeIgniter->run()
CRITICAL - 2023-11-13 13:33:07 --> syntax error, unexpected 'echo' (T_ECHO), expecting ';' or ','
in APPPATH/Views/affichage_etape.php on line 7.
 1 SYSTEMPATH/View/View.php(231): CodeIgniter\View\View->CodeIgniter\View\{closure}()
 2 SYSTEMPATH/Common.php(1190): CodeIgniter\View\View->render()
 3 APPPATH/Controllers/Scenario.php(26): view()
 4 SYSTEMPATH/CodeIgniter.php(942): App\Controllers\Scenario->jouer()
 5 SYSTEMPATH/CodeIgniter.php(502): CodeIgniter\CodeIgniter->runController()
 6 SYSTEMPATH/CodeIgniter.php(361): CodeIgniter\CodeIgniter->handleRequest()
 7 FCPATH/index.php(79): CodeIgniter\CodeIgniter->run()
CRITICAL - 2023-11-13 13:44:00 --> syntax error, unexpected '";"' (T_CONSTANT_ENCAPSED_STRING)
in APPPATH/Models/Db_model.php on line 37.
 1 SYSTEMPATH/Autoloader/Autoloader.php(291): CodeIgniter\Autoloader\Autoloader->includeFile()
 2 SYSTEMPATH/Autoloader/Autoloader.php(269): CodeIgniter\Autoloader\Autoloader->loadInNamespace()
 3 [internal function]: CodeIgniter\Autoloader\Autoloader->loadClass()
 4 [internal function]: spl_autoload_call()
 5 SYSTEMPATH/Config/Factories.php(283): class_exists()
 6 SYSTEMPATH/Config/Factories.php(202): CodeIgniter\Config\Factories::locateClass()
 7 SYSTEMPATH/Config/Factories.php(161): CodeIgniter\Config\Factories::getDefinedInstance()
 8 SYSTEMPATH/Common.php(827): CodeIgniter\Config\Factories::__callStatic()
 9 APPPATH/Controllers/Scenario.php(22): model()
10 SYSTEMPATH/CodeIgniter.php(942): App\Controllers\Scenario->jouer()
11 SYSTEMPATH/CodeIgniter.php(502): CodeIgniter\CodeIgniter->runController()
12 SYSTEMPATH/CodeIgniter.php(361): CodeIgniter\CodeIgniter->handleRequest()
13 FCPATH/index.php(79): CodeIgniter\CodeIgniter->run()
ERROR - 2023-11-13 13:44:32 --> mysqli_sql_exception: Unknown column 'ind_niv' in 'where clause' in /home/2023DIINL3/e22103034/public_html/v1/ci/system/Database/MySQLi/Connection.php:306
Stack trace:
#0 /home/2023DIINL3/e22103034/public_html/v1/ci/system/Database/MySQLi/Connection.php(306): mysqli->query()
#1 /home/2023DIINL3/e22103034/public_html/v1/ci/system/Database/BaseConnection.php(693): CodeIgniter\Database\MySQLi\Connection->execute()
#2 /home/2023DIINL3/e22103034/public_html/v1/ci/system/Database/BaseConnection.php(607): CodeIgniter\Database\BaseConnection->simpleQuery()
#3 /home/2023DIINL3/e22103034/public_html/v1/ci/app/Models/Db_model.php(38): CodeIgniter\Database\BaseConnection->query()
#4 /home/2023DIINL3/e22103034/public_html/v1/ci/app/Controllers/Scenario.php(23): App\Models\Db_model->get_premiere_etape()
#5 /home/2023DIINL3/e22103034/public_html/v1/ci/system/CodeIgniter.php(942): App\Controllers\Scenario->jouer()
#6 /home/2023DIINL3/e22103034/public_html/v1/ci/system/CodeIgniter.php(502): CodeIgniter\CodeIgniter->runController()
#7 /home/2023DIINL3/e22103034/public_html/v1/ci/system/CodeIgniter.php(361): CodeIgniter\CodeIgniter->handleRequest()
#8 /home/2023DIINL3/e22103034/public_html/v1/ci/public/index.php(79): CodeIgniter\CodeIgniter->run()
#9 {main}
CRITICAL - 2023-11-13 13:44:32 --> Unknown column 'ind_niv' in 'where clause'
in SYSTEMPATH/Database/BaseConnection.php on line 647.
 1 APPPATH/Models/Db_model.php(38): CodeIgniter\Database\BaseConnection->query()
 2 APPPATH/Controllers/Scenario.php(23): App\Models\Db_model->get_premiere_etape()
 3 SYSTEMPATH/CodeIgniter.php(942): App\Controllers\Scenario->jouer()
 4 SYSTEMPATH/CodeIgniter.php(502): CodeIgniter\CodeIgniter->runController()
 5 SYSTEMPATH/CodeIgniter.php(361): CodeIgniter\CodeIgniter->handleRequest()
 6 FCPATH/index.php(79): CodeIgniter\CodeIgniter->run()
CRITICAL - 2023-11-13 13:59:08 --> Cannot redeclare App\Models\Db_model::get_premiere_etape()
in APPPATH/Models/Db_model.php on line 41.
 1 [internal function]: CodeIgniter\Debug\Exceptions->shutdownHandler()
CRITICAL - 2023-11-13 14:03:29 --> Cannot use object of type stdClass as array
in APPPATH/Views/affichage_etape.php on line 16.
 1 SYSTEMPATH/View/View.php(228): include()
 2 SYSTEMPATH/View/View.php(231): CodeIgniter\View\View->CodeIgniter\View\{closure}()
 3 SYSTEMPATH/Common.php(1190): CodeIgniter\View\View->render()
 4 APPPATH/Controllers/Scenario.php(27): view()
 5 SYSTEMPATH/CodeIgniter.php(942): App\Controllers\Scenario->jouer()
 6 SYSTEMPATH/CodeIgniter.php(502): CodeIgniter\CodeIgniter->runController()
 7 SYSTEMPATH/CodeIgniter.php(361): CodeIgniter\CodeIgniter->handleRequest()
 8 FCPATH/index.php(79): CodeIgniter\CodeIgniter->run()
CRITICAL - 2023-11-13 14:04:45 --> Undefined property: stdClass::$ind_texte
in APPPATH/Views/affichage_etape.php on line 16.
 1 APPPATH/Views/affichage_etape.php(16): CodeIgniter\Debug\Exceptions->errorHandler()
 2 SYSTEMPATH/View/View.php(228): include('/home/2023DIINL3/e22103034/public_html/v1/ci/app/Views/affichage_etape.php')
 3 SYSTEMPATH/View/View.php(231): CodeIgniter\View\View->CodeIgniter\View\{closure}()
 4 SYSTEMPATH/Common.php(1190): CodeIgniter\View\View->render()
 5 APPPATH/Controllers/Scenario.php(27): view()
 6 SYSTEMPATH/CodeIgniter.php(942): App\Controllers\Scenario->jouer()
 7 SYSTEMPATH/CodeIgniter.php(502): CodeIgniter\CodeIgniter->runController()
 8 SYSTEMPATH/CodeIgniter.php(361): CodeIgniter\CodeIgniter->handleRequest()
 9 FCPATH/index.php(79): CodeIgniter\CodeIgniter->run()
ERROR - 2023-11-13 14:05:53 --> mysqli_sql_exception: You have an error in your SQL syntax; check the manual that corresponds to your MariaDB server version for the right syntax to use near 'AND ind_niveau=1' at line 1 in /home/2023DIINL3/e22103034/public_html/v1/ci/system/Database/MySQLi/Connection.php:306
Stack trace:
#0 /home/2023DIINL3/e22103034/public_html/v1/ci/system/Database/MySQLi/Connection.php(306): mysqli->query()
#1 /home/2023DIINL3/e22103034/public_html/v1/ci/system/Database/BaseConnection.php(693): CodeIgniter\Database\MySQLi\Connection->execute()
#2 /home/2023DIINL3/e22103034/public_html/v1/ci/system/Database/BaseConnection.php(607): CodeIgniter\Database\BaseConnection->simpleQuery()
#3 /home/2023DIINL3/e22103034/public_html/v1/ci/app/Models/Db_model.php(43): CodeIgniter\Database\BaseConnection->query()
#4 /home/2023DIINL3/e22103034/public_html/v1/ci/app/Controllers/Scenario.php(24): App\Models\Db_model->get_indice_premiere_etape()
#5 /home/2023DIINL3/e22103034/public_html/v1/ci/system/CodeIgniter.php(942): App\Controllers\Scenario->jouer()
#6 /home/2023DIINL3/e22103034/public_html/v1/ci/system/CodeIgniter.php(502): CodeIgniter\CodeIgniter->runController()
#7 /home/2023DIINL3/e22103034/public_html/v1/ci/system/CodeIgniter.php(361): CodeIgniter\CodeIgniter->handleRequest()
#8 /home/2023DIINL3/e22103034/public_html/v1/ci/public/index.php(79): CodeIgniter\CodeIgniter->run()
#9 {main}
CRITICAL - 2023-11-13 14:05:53 --> You have an error in your SQL syntax; check the manual that corresponds to your MariaDB server version for the right syntax to use near 'AND ind_niveau=1' at line 1
in SYSTEMPATH/Database/BaseConnection.php on line 647.
 1 APPPATH/Models/Db_model.php(43): CodeIgniter\Database\BaseConnection->query()
 2 APPPATH/Controllers/Scenario.php(24): App\Models\Db_model->get_indice_premiere_etape()
 3 SYSTEMPATH/CodeIgniter.php(942): App\Controllers\Scenario->jouer()
 4 SYSTEMPATH/CodeIgniter.php(502): CodeIgniter\CodeIgniter->runController()
 5 SYSTEMPATH/CodeIgniter.php(361): CodeIgniter\CodeIgniter->handleRequest()
 6 FCPATH/index.php(79): CodeIgniter\CodeIgniter->run()
