CRITICAL - 2023-11-12 09:44:55 --> Undefined variable: titre
in APPPATH/Views/affichage_accueil.php on line 1.
 1 APPPATH/Views/affichage_accueil.php(1): CodeIgniter\Debug\Exceptions->errorHandler()
 2 SYSTEMPATH/View/View.php(228): include('/home/2023DIINL3/e22103034/public_html/v1/ci/app/Views/affichage_accueil.php')
 3 SYSTEMPATH/View/View.php(231): CodeIgniter\View\View->CodeIgniter\View\{closure}()
 4 SYSTEMPATH/Common.php(1190): CodeIgniter\View\View->render()
 5 APPPATH/Controllers/Accueil.php(10): view()
 6 SYSTEMPATH/CodeIgniter.php(942): App\Controllers\Accueil->afficher()
 7 SYSTEMPATH/CodeIgniter.php(502): CodeIgniter\CodeIgniter->runController()
 8 SYSTEMPATH/CodeIgniter.php(361): CodeIgniter\CodeIgniter->handleRequest()
 9 FCPATH/index.php(79): CodeIgniter\CodeIgniter->run()
CRITICAL - 2023-11-12 09:44:55 --> Uncaught ErrorException: chmod() has been disabled for security reasons in /home/2023DIINL3/e22103034/public_html/v1/ci/system/Log/Handlers/FileHandler.php:119
Stack trace:
#0 [internal function]: CodeIgniter\Debug\Exceptions->errorHandler()
#1 /home/2023DIINL3/e22103034/public_html/v1/ci/system/Log/Handlers/FileHandler.php(119): chmod()
#2 /home/2023DIINL3/e22103034/public_html/v1/ci/system/Log/Logger.php(294): CodeIgniter\Log\Handlers\FileHandler->handle()
#3 /home/2023DIINL3/e22103034/public_html/v1/ci/system/Common.php(810): CodeIgniter\Log\Logger->log()
#4 /home/2023DIINL3/e22103034/public_html/v1/ci/system/Debug/Exceptions.php(133): log_message()
#5 [internal function]: CodeIgniter\Debug\Exceptions->exceptionHandler()
#6 {main}
  thrown
ã€Previous Exceptionã€‘
ErrorException
Undefined variable: titre
#0 /home/2023DIINL3/e22103034/public_html/v1/ci/app/Views/affichage_accueil.php(1): CodeIgniter\Debug\Exceptions->errorHandler()
#1 /home/2023DIINL3/e22103034/public_html/v1/ci/system/View/View.php(228): include('/home/2023DIINL...')
#2 /home/2023DIINL3/e22103034/public_html/v1/ci/system/View/View.php(231): CodeIgniter\View\View->CodeIgniter\View\{closure}()
#3 /home/2023DIINL3/e22103034/public_html/v1/ci/system/Common.php(1190): CodeIgniter\View\View->render()
#4 /home/2023DIINL3/e22103034/public_html/v1/ci/app/Controllers/Accueil.php(10): view()
#5 /home/2023DIINL3/e22103034/public_html/v1/ci/system/CodeIgniter.php(942): App\Controllers\Accueil->afficher()
#6 /home/2023DIINL3/e22103034/public_html/v1/ci/system/CodeIgniter.php(502): CodeIgniter\CodeIgniter->runController()
#7 /home/2023DIINL3/e22103034/public_html/v1/ci/system/CodeIgniter.php(361): CodeIgniter\CodeIgniter->handleRequest()
#8 /home/2023DIINL3/e22103034/public_html/v1/ci/public/index.php(79): CodeIgniter\CodeIgniter->run()
#9 {main}
in SYSTEMPATH/Log/Handlers/FileHandler.php on line 119.
 1 [internal function]: CodeIgniter\Debug\Exceptions->shutdownHandler()
CRITICAL - 2023-11-12 09:45:00 --> Undefined variable: titre
in APPPATH/Views/affichage_accueil.php on line 1.
 1 APPPATH/Views/affichage_accueil.php(1): CodeIgniter\Debug\Exceptions->errorHandler()
 2 SYSTEMPATH/View/View.php(228): include('/home/2023DIINL3/e22103034/public_html/v1/ci/app/Views/affichage_accueil.php')
 3 SYSTEMPATH/View/View.php(231): CodeIgniter\View\View->CodeIgniter\View\{closure}()
 4 SYSTEMPATH/Common.php(1190): CodeIgniter\View\View->render()
 5 APPPATH/Controllers/Accueil.php(10): view()
 6 SYSTEMPATH/CodeIgniter.php(942): App\Controllers\Accueil->afficher()
 7 SYSTEMPATH/CodeIgniter.php(502): CodeIgniter\CodeIgniter->runController()
 8 SYSTEMPATH/CodeIgniter.php(361): CodeIgniter\CodeIgniter->handleRequest()
 9 FCPATH/index.php(79): CodeIgniter\CodeIgniter->run()
CRITICAL - 2023-11-12 10:16:43 --> Undefined index: cpt_pseudo
in APPPATH/Views/affichage_accueil.php on line 15.
 1 APPPATH/Views/affichage_accueil.php(15): CodeIgniter\Debug\Exceptions->errorHandler()
 2 SYSTEMPATH/View/View.php(228): include('/home/2023DIINL3/e22103034/public_html/v1/ci/app/Views/affichage_accueil.php')
 3 SYSTEMPATH/View/View.php(231): CodeIgniter\View\View->CodeIgniter\View\{closure}()
 4 SYSTEMPATH/Common.php(1190): CodeIgniter\View\View->render()
 5 APPPATH/Controllers/Accueil.php(15): view()
 6 SYSTEMPATH/CodeIgniter.php(942): App\Controllers\Accueil->afficher()
 7 SYSTEMPATH/CodeIgniter.php(502): CodeIgniter\CodeIgniter->runController()
 8 SYSTEMPATH/CodeIgniter.php(361): CodeIgniter\CodeIgniter->handleRequest()
 9 FCPATH/index.php(79): CodeIgniter\CodeIgniter->run()
CRITICAL - 2023-11-12 11:19:49 --> Trying to get property 'eta_titre' of non-object
in APPPATH/Views/affichage_etape.php on line 3.
 1 APPPATH/Views/affichage_etape.php(3): CodeIgniter\Debug\Exceptions->errorHandler()
 2 SYSTEMPATH/View/View.php(228): include('/home/2023DIINL3/e22103034/public_html/v1/ci/app/Views/affichage_etape.php')
 3 SYSTEMPATH/View/View.php(231): CodeIgniter\View\View->CodeIgniter\View\{closure}()
 4 SYSTEMPATH/Common.php(1190): CodeIgniter\View\View->render()
 5 APPPATH/Controllers/Scenario.php(24): view()
 6 SYSTEMPATH/CodeIgniter.php(942): App\Controllers\Scenario->jouer()
 7 SYSTEMPATH/CodeIgniter.php(502): CodeIgniter\CodeIgniter->runController()
 8 SYSTEMPATH/CodeIgniter.php(361): CodeIgniter\CodeIgniter->handleRequest()
 9 FCPATH/index.php(79): CodeIgniter\CodeIgniter->run()
CRITICAL - 2023-11-12 11:21:26 --> Undefined property: stdClass::$act_texte
in APPPATH/Views/affichage_etape.php on line 4.
 1 APPPATH/Views/affichage_etape.php(4): CodeIgniter\Debug\Exceptions->errorHandler()
 2 SYSTEMPATH/View/View.php(228): include('/home/2023DIINL3/e22103034/public_html/v1/ci/app/Views/affichage_etape.php')
 3 SYSTEMPATH/View/View.php(231): CodeIgniter\View\View->CodeIgniter\View\{closure}()
 4 SYSTEMPATH/Common.php(1190): CodeIgniter\View\View->render()
 5 APPPATH/Controllers/Scenario.php(24): view()
 6 SYSTEMPATH/CodeIgniter.php(942): App\Controllers\Scenario->jouer()
 7 SYSTEMPATH/CodeIgniter.php(502): CodeIgniter\CodeIgniter->runController()
 8 SYSTEMPATH/CodeIgniter.php(361): CodeIgniter\CodeIgniter->handleRequest()
 9 FCPATH/index.php(79): CodeIgniter\CodeIgniter->run()
